<?xml version="1.0" encoding="UTF-8"?>
<coverage generated="1777439326044" clover="3.2.0">
  <project timestamp="1777439326044" name="All files">
    <metrics statements="228" coveredstatements="209" conditionals="175" coveredconditionals="159" methods="31" coveredmethods="30" elements="434" coveredelements="398" complexity="0" loc="228" ncloc="228" packages="3" files="4" classes="4"/>
    <package name="data">
      <metrics statements="7" coveredstatements="7" conditionals="2" coveredconditionals="1" methods="1" coveredmethods="1"/>
      <file name="holidays.ts" path="/Users/h.neumann/Devel/my_holiday/src/data/holidays.ts">
        <metrics statements="7" coveredstatements="7" conditionals="2" coveredconditionals="1" methods="1" coveredmethods="1"/>
        <line num="7" count="3" type="stmt"/>
        <line num="35" count="15" type="stmt"/>
        <line num="36" count="15" type="stmt"/>
        <line num="37" count="35" type="stmt"/>
        <line num="38" count="35" type="stmt"/>
        <line num="39" count="362" type="cond" truecount="1" falsecount="1"/>
        <line num="42" count="15" type="stmt"/>
      </file>
    </package>
    <package name="i18n">
      <metrics statements="1" coveredstatements="1" conditionals="0" coveredconditionals="0" methods="0" coveredmethods="0"/>
      <file name="translations.ts" path="/Users/h.neumann/Devel/my_holiday/src/i18n/translations.ts">
        <metrics statements="1" coveredstatements="1" conditionals="0" coveredconditionals="0" methods="0" coveredmethods="0"/>
        <line num="5" count="1" type="stmt"/>
      </file>
    </package>
    <package name="utils">
      <metrics statements="220" coveredstatements="201" conditionals="173" coveredconditionals="158" methods="30" coveredmethods="29"/>
      <file name="calendar.ts" path="/Users/h.neumann/Devel/my_holiday/src/utils/calendar.ts">
        <metrics statements="86" coveredstatements="86" conditionals="48" coveredconditionals="48" methods="16" coveredmethods="16"/>
        <line num="5" count="2" type="stmt"/>
        <line num="6" count="2" type="stmt"/>
        <line num="7" count="2" type="stmt"/>
        <line num="10" count="589" type="stmt"/>
        <line num="11" count="589" type="stmt"/>
        <line num="12" count="589" type="cond" truecount="2" falsecount="0"/>
        <line num="19" count="9" type="stmt"/>
        <line num="20" count="9" type="stmt"/>
        <line num="21" count="9" type="stmt"/>
        <line num="23" count="589" type="stmt"/>
        <line num="28" count="587" type="stmt"/>
        <line num="29" count="587" type="stmt"/>
        <line num="34" count="2" type="stmt"/>
        <line num="35" count="2" type="cond" truecount="2" falsecount="0"/>
        <line num="40" count="801" type="stmt"/>
        <line num="41" count="801" type="cond" truecount="4" falsecount="0"/>
        <line num="42" count="578" type="stmt"/>
        <line num="50" count="546" type="stmt"/>
        <line num="51" count="546" type="stmt"/>
        <line num="52" count="546" type="cond" truecount="3" falsecount="0"/>
        <line num="66" count="13" type="stmt"/>
        <line num="67" count="17" type="cond" truecount="4" falsecount="0"/>
        <line num="68" count="15" type="cond" truecount="4" falsecount="0"/>
        <line num="69" count="7" type="stmt"/>
        <line num="72" count="6" type="stmt"/>
        <line num="77" count="5" type="stmt"/>
        <line num="78" count="5" type="stmt"/>
        <line num="79" count="5" type="stmt"/>
        <line num="80" count="5" type="stmt"/>
        <line num="81" count="5" type="stmt"/>
        <line num="83" count="5" type="stmt"/>
        <line num="84" count="21" type="cond" truecount="2" falsecount="0"/>
        <line num="85" count="21" type="stmt"/>
        <line num="87" count="5" type="stmt"/>
        <line num="97" count="18" type="stmt"/>
        <line num="98" count="18" type="stmt"/>
        <line num="99" count="18" type="stmt"/>
        <line num="100" count="18" type="stmt"/>
        <line num="101" count="18" type="stmt"/>
        <line num="102" count="18" type="stmt"/>
        <line num="103" count="18" type="stmt"/>
        <line num="105" count="18" type="stmt"/>
        <line num="106" count="776" type="cond" truecount="2" falsecount="0"/>
        <line num="107" count="543" type="cond" truecount="2" falsecount="0"/>
        <line num="108" count="4" type="stmt"/>
        <line num="109" count="539" type="cond" truecount="2" falsecount="0"/>
        <line num="110" count="10" type="stmt"/>
        <line num="112" count="529" type="stmt"/>
        <line num="115" count="776" type="stmt"/>
        <line num="117" count="18" type="stmt"/>
        <line num="130" count="10" type="stmt"/>
        <line num="131" count="10" type="stmt"/>
        <line num="134" count="10" type="cond" truecount="2" falsecount="0"/>
        <line num="135" count="10" type="cond" truecount="2" falsecount="0"/>
        <line num="138" count="10" type="cond" truecount="2" falsecount="0"/>
        <line num="140" count="8" type="stmt"/>
        <line num="148" count="590" type="stmt"/>
        <line num="149" count="590" type="stmt"/>
        <line num="150" count="590" type="stmt"/>
        <line num="151" count="590" type="stmt"/>
        <line num="156" count="47" type="stmt"/>
        <line num="157" count="47" type="stmt"/>
        <line num="162" count="3" type="stmt"/>
        <line num="163" count="3" type="stmt"/>
        <line num="164" count="3" type="stmt"/>
        <line num="165" count="88" type="stmt"/>
        <line num="166" count="88" type="stmt"/>
        <line num="168" count="3" type="stmt"/>
        <line num="173" count="2" type="stmt"/>
        <line num="177" count="2" type="stmt"/>
        <line num="183" count="2" type="stmt"/>
        <line num="187" count="4" type="stmt"/>
        <line num="188" count="4" type="stmt"/>
        <line num="189" count="4" type="stmt"/>
        <line num="190" count="4" type="stmt"/>
        <line num="192" count="4" type="stmt"/>
        <line num="193" count="6" type="stmt"/>
        <line num="195" count="4" type="cond" truecount="2" falsecount="0"/>
        <line num="196" count="1" type="stmt"/>
        <line num="198" count="3" type="cond" truecount="4" falsecount="0"/>
        <line num="199" count="1" type="stmt"/>
        <line num="201" count="2" type="cond" truecount="2" falsecount="0"/>
        <line num="202" count="1" type="stmt"/>
        <line num="204" count="1" type="stmt"/>
        <line num="209" count="2" type="stmt"/>
        <line num="210" count="2" type="stmt"/>
      </file>
      <file name="export.ts" path="/Users/h.neumann/Devel/my_holiday/src/utils/export.ts">
        <metrics statements="134" coveredstatements="115" conditionals="125" coveredconditionals="110" methods="14" coveredmethods="13"/>
        <line num="5" count="1" type="stmt"/>
        <line num="15" count="0" type="stmt"/>
        <line num="16" count="0" type="stmt"/>
        <line num="18" count="0" type="stmt"/>
        <line num="19" count="0" type="stmt"/>
        <line num="20" count="0" type="cond" truecount="0" falsecount="2"/>
        <line num="21" count="0" type="cond" truecount="0" falsecount="2"/>
        <line num="22" count="0" type="stmt"/>
        <line num="27" count="0" type="stmt"/>
        <line num="28" count="0" type="stmt"/>
        <line num="29" count="0" type="stmt"/>
        <line num="30" count="0" type="stmt"/>
        <line num="31" count="0" type="stmt"/>
        <line num="32" count="0" type="stmt"/>
        <line num="33" count="0" type="stmt"/>
        <line num="34" count="0" type="stmt"/>
        <line num="35" count="0" type="stmt"/>
        <line num="36" count="0" type="stmt"/>
        <line num="37" count="0" type="stmt"/>
        <line num="38" count="0" type="stmt"/>
        <line num="43" count="4" type="cond" truecount="5" falsecount="0"/>
        <line num="44" count="3" type="stmt"/>
        <line num="46" count="1" type="stmt"/>
        <line num="52" count="22" type="stmt"/>
        <line num="53" count="22" type="cond" truecount="2" falsecount="0"/>
        <line num="55" count="21" type="stmt"/>
        <line num="56" count="21" type="stmt"/>
        <line num="57" count="21" type="stmt"/>
        <line num="58" count="21" type="stmt"/>
        <line num="60" count="21" type="stmt"/>
        <line num="61" count="1078" type="stmt"/>
        <line num="62" count="1078" type="stmt"/>
        <line num="64" count="1078" type="cond" truecount="2" falsecount="0"/>
        <line num="65" count="41" type="cond" truecount="4" falsecount="0"/>
        <line num="66" count="2" type="stmt"/>
        <line num="67" count="2" type="stmt"/>
        <line num="68" count="39" type="cond" truecount="2" falsecount="0"/>
        <line num="69" count="2" type="stmt"/>
        <line num="71" count="37" type="stmt"/>
        <line num="74" count="1037" type="cond" truecount="2" falsecount="0"/>
        <line num="75" count="2" type="stmt"/>
        <line num="76" count="1035" type="cond" truecount="2" falsecount="0"/>
        <line num="77" count="71" type="stmt"/>
        <line num="78" count="71" type="stmt"/>
        <line num="79" count="964" type="cond" truecount="4" falsecount="0"/>
        <line num="80" count="29" type="stmt"/>
        <line num="81" count="31" type="cond" truecount="2" falsecount="0"/>
        <line num="82" count="25" type="stmt"/>
        <line num="84" count="29" type="stmt"/>
        <line num="85" count="29" type="stmt"/>
        <line num="86" count="29" type="cond" truecount="2" falsecount="2"/>
        <line num="88" count="935" type="stmt"/>
        <line num="94" count="1078" type="cond" truecount="4" falsecount="0"/>
        <line num="95" count="21" type="stmt"/>
        <line num="96" count="22" type="cond" truecount="2" falsecount="0"/>
        <line num="97" count="20" type="stmt"/>
        <line num="101" count="21" type="stmt"/>
        <line num="115" count="22" type="stmt"/>
        <line num="116" count="22" type="stmt"/>
        <line num="118" count="22" type="stmt"/>
        <line num="119" count="22" type="cond" truecount="2" falsecount="0"/>
        <line num="120" count="1" type="stmt"/>
        <line num="124" count="21" type="stmt"/>
        <line num="125" count="21" type="stmt"/>
        <line num="126" count="22" type="cond" truecount="1" falsecount="1"/>
        <line num="127" count="22" type="cond" truecount="5" falsecount="0"/>
        <line num="128" count="20" type="stmt"/>
        <line num="129" count="20" type="stmt"/>
        <line num="133" count="21" type="cond" truecount="2" falsecount="0"/>
        <line num="134" count="1" type="stmt"/>
        <line num="140" count="52" type="stmt"/>
        <line num="141" count="20" type="cond" truecount="3" falsecount="0"/>
        <line num="142" count="40" type="cond" truecount="4" falsecount="0"/>
        <line num="143" count="50" type="cond" truecount="3" falsecount="0"/>
        <line num="144" count="51" type="cond" truecount="4" falsecount="0"/>
        <line num="146" count="20" type="cond" truecount="4" falsecount="0"/>
        <line num="147" count="1" type="stmt"/>
        <line num="153" count="19" type="stmt"/>
        <line num="154" count="22" type="stmt"/>
        <line num="157" count="23" type="cond" truecount="3" falsecount="1"/>
        <line num="159" count="22" type="stmt"/>
        <line num="160" count="22" type="stmt"/>
        <line num="162" count="22" type="cond" truecount="4" falsecount="0"/>
        <line num="163" count="2" type="stmt"/>
        <line num="164" count="2" type="stmt"/>
        <line num="167" count="20" type="stmt"/>
        <line num="168" count="20" type="stmt"/>
        <line num="170" count="20" type="cond" truecount="2" falsecount="0"/>
        <line num="171" count="1" type="stmt"/>
        <line num="172" count="1" type="stmt"/>
        <line num="174" count="19" type="cond" truecount="2" falsecount="0"/>
        <line num="175" count="1" type="stmt"/>
        <line num="176" count="1" type="stmt"/>
        <line num="179" count="18" type="cond" truecount="3" falsecount="1"/>
        <line num="180" count="22" type="stmt"/>
        <line num="181" count="22" type="cond" truecount="2" falsecount="0"/>
        <line num="182" count="6" type="cond" truecount="1" falsecount="1"/>
        <line num="183" count="6" type="cond" truecount="6" falsecount="0"/>
        <line num="186" count="18" type="stmt"/>
        <line num="194" count="22" type="cond" truecount="4" falsecount="0"/>
        <line num="195" count="1" type="stmt"/>
        <line num="198" count="19" type="stmt"/>
        <line num="203" count="40" type="stmt"/>
        <line num="206" count="40" type="stmt"/>
        <line num="207" count="40" type="cond" truecount="2" falsecount="0"/>
        <line num="208" count="32" type="stmt"/>
        <line num="209" count="32" type="stmt"/>
        <line num="210" count="32" type="stmt"/>
        <line num="211" count="32" type="cond" truecount="1" falsecount="1"/>
        <line num="212" count="32" type="stmt"/>
        <line num="217" count="8" type="stmt"/>
        <line num="218" count="8" type="cond" truecount="2" falsecount="0"/>
        <line num="219" count="4" type="stmt"/>
        <line num="220" count="4" type="stmt"/>
        <line num="221" count="4" type="stmt"/>
        <line num="222" count="4" type="cond" truecount="2" falsecount="0"/>
        <line num="223" count="4" type="stmt"/>
        <line num="224" count="4" type="stmt"/>
        <line num="225" count="4" type="cond" truecount="1" falsecount="1"/>
        <line num="226" count="4" type="stmt"/>
        <line num="231" count="4" type="stmt"/>
        <line num="232" count="4" type="cond" truecount="2" falsecount="0"/>
        <line num="233" count="2" type="stmt"/>
        <line num="234" count="2" type="stmt"/>
        <line num="235" count="2" type="stmt"/>
        <line num="236" count="2" type="cond" truecount="1" falsecount="1"/>
        <line num="237" count="2" type="cond" truecount="1" falsecount="1"/>
        <line num="238" count="2" type="stmt"/>
        <line num="239" count="2" type="stmt"/>
        <line num="240" count="2" type="stmt"/>
        <line num="244" count="2" type="stmt"/>
        <line num="248" count="38" type="cond" truecount="7" falsecount="1"/>
        <line num="249" count="38" type="stmt"/>
        <line num="250" count="38" type="cond" truecount="3" falsecount="0"/>
      </file>
    </package>
  </project>
</coverage>
