{"/Users/h.neumann/Devel/my_holiday/src/data/holidays.ts": {"path":"/Users/h.neumann/Devel/my_holiday/src/data/holidays.ts","statementMap":{"0":{"start":{"line":7,"column":68},"end":{"line":24,"column":null}},"1":{"start":{"line":35,"column":14},"end":{"line":35,"column":39}},"2":{"start":{"line":36,"column":2},"end":{"line":39,"column":null}},"3":{"start":{"line":36,"column":15},"end":{"line":36,"column":25}},"4":{"start":{"line":37,"column":10},"end":{"line":37,"column":53}},"5":{"start":{"line":38,"column":4},"end":{"line":39,"column":null}},"6":{"start":{"line":39,"column":6},"end":{"line":39,"column":null}},"7":{"start":{"line":42,"column":2},"end":{"line":42,"column":null}}},"fnMap":{"0":{"name":"getHolidayMap","decl":{"start":{"line":30,"column":16},"end":{"line":30,"column":null}},"loc":{"start":{"line":34,"column":23},"end":{"line":42,"column":null}},"line":34}},"branchMap":{"0":{"loc":{"start":{"line":39,"column":28},"end":{"line":39,"column":56}},"type":"binary-expr","locations":[{"start":{"line":39,"column":28},"end":{"line":39,"column":45}},{"start":{"line":39,"column":49},"end":{"line":39,"column":56}}],"line":39}},"s":{"0":3,"1":15,"2":15,"3":15,"4":35,"5":35,"6":362,"7":15},"f":{"0":15},"b":{"0":[362,0]},"meta":{"lastBranch":1,"lastFunction":1,"lastStatement":8,"seen":{"s:7:68:24:Infinity":0,"f:30:16:30:Infinity":0,"s:35:14:35:39":1,"s:36:2:39:Infinity":2,"s:36:15:36:25":3,"s:37:10:37:53":4,"s:38:4:39:Infinity":5,"s:39:6:39:Infinity":6,"b:39:28:39:45:39:49:39:56":0,"s:42:2:42:Infinity":7}}}
,"/Users/h.neumann/Devel/my_holiday/src/i18n/translations.ts": {"path":"/Users/h.neumann/Devel/my_holiday/src/i18n/translations.ts","statementMap":{"0":{"start":{"line":5,"column":28},"end":{"line":231,"column":null}}},"fnMap":{},"branchMap":{},"s":{"0":1},"f":{},"b":{},"meta":{"lastBranch":0,"lastFunction":0,"lastStatement":1,"seen":{"s:5:28:231:Infinity":0}}}
,"/Users/h.neumann/Devel/my_holiday/src/utils/calendar.ts": {"path":"/Users/h.neumann/Devel/my_holiday/src/utils/calendar.ts","statementMap":{"0":{"start":{"line":5,"column":46},"end":{"line":5,"column":null}},"1":{"start":{"line":6,"column":48},"end":{"line":6,"column":null}},"2":{"start":{"line":7,"column":43},"end":{"line":7,"column":null}},"3":{"start":{"line":10,"column":15},"end":{"line":10,"column":null}},"4":{"start":{"line":11,"column":13},"end":{"line":11,"column":null}},"5":{"start":{"line":12,"column":2},"end":{"line":21,"column":null}},"6":{"start":{"line":19,"column":4},"end":{"line":19,"column":null}},"7":{"start":{"line":20,"column":4},"end":{"line":20,"column":null}},"8":{"start":{"line":21,"column":4},"end":{"line":21,"column":null}},"9":{"start":{"line":23,"column":2},"end":{"line":23,"column":null}},"10":{"start":{"line":28,"column":14},"end":{"line":28,"column":57}},"11":{"start":{"line":29,"column":2},"end":{"line":29,"column":null}},"12":{"start":{"line":34,"column":14},"end":{"line":34,"column":57}},"13":{"start":{"line":35,"column":2},"end":{"line":35,"column":null}},"14":{"start":{"line":40,"column":14},"end":{"line":40,"column":27}},"15":{"start":{"line":41,"column":2},"end":{"line":41,"column":null}},"16":{"start":{"line":41,"column":30},"end":{"line":41,"column":null}},"17":{"start":{"line":42,"column":2},"end":{"line":42,"column":null}},"18":{"start":{"line":50,"column":16},"end":{"line":50,"column":31}},"19":{"start":{"line":51,"column":14},"end":{"line":51,"column":28}},"20":{"start":{"line":52,"column":2},"end":{"line":52,"column":null}},"21":{"start":{"line":66,"column":2},"end":{"line":69,"column":null}},"22":{"start":{"line":67,"column":4},"end":{"line":67,"column":null}},"23":{"start":{"line":67,"column":41},"end":{"line":67,"column":null}},"24":{"start":{"line":68,"column":4},"end":{"line":69,"column":null}},"25":{"start":{"line":69,"column":6},"end":{"line":69,"column":null}},"26":{"start":{"line":72,"column":2},"end":{"line":72,"column":null}},"27":{"start":{"line":77,"column":14},"end":{"line":77,"column":null}},"28":{"start":{"line":78,"column":18},"end":{"line":78,"column":33}},"29":{"start":{"line":79,"column":2},"end":{"line":79,"column":null}},"30":{"start":{"line":80,"column":18},"end":{"line":80,"column":31}},"31":{"start":{"line":81,"column":2},"end":{"line":81,"column":null}},"32":{"start":{"line":83,"column":2},"end":{"line":85,"column":null}},"33":{"start":{"line":84,"column":4},"end":{"line":84,"column":null}},"34":{"start":{"line":84,"column":35},"end":{"line":84,"column":null}},"35":{"start":{"line":85,"column":4},"end":{"line":85,"column":null}},"36":{"start":{"line":87,"column":2},"end":{"line":87,"column":null}},"37":{"start":{"line":97,"column":16},"end":{"line":97,"column":46}},"38":{"start":{"line":98,"column":14},"end":{"line":98,"column":42}},"39":{"start":{"line":99,"column":14},"end":{"line":99,"column":null}},"40":{"start":{"line":100,"column":18},"end":{"line":100,"column":33}},"41":{"start":{"line":101,"column":2},"end":{"line":101,"column":null}},"42":{"start":{"line":102,"column":18},"end":{"line":102,"column":31}},"43":{"start":{"line":103,"column":2},"end":{"line":103,"column":null}},"44":{"start":{"line":105,"column":2},"end":{"line":115,"column":null}},"45":{"start":{"line":106,"column":4},"end":{"line":112,"column":null}},"46":{"start":{"line":107,"column":6},"end":{"line":112,"column":null}},"47":{"start":{"line":108,"column":8},"end":{"line":108,"column":null}},"48":{"start":{"line":109,"column":17},"end":{"line":112,"column":null}},"49":{"start":{"line":110,"column":8},"end":{"line":110,"column":null}},"50":{"start":{"line":112,"column":8},"end":{"line":112,"column":null}},"51":{"start":{"line":115,"column":4},"end":{"line":115,"column":null}},"52":{"start":{"line":117,"column":2},"end":{"line":117,"column":null}},"53":{"start":{"line":130,"column":20},"end":{"line":130,"column":null}},"54":{"start":{"line":131,"column":18},"end":{"line":131,"column":null}},"55":{"start":{"line":134,"column":23},"end":{"line":134,"column":null}},"56":{"start":{"line":135,"column":21},"end":{"line":135,"column":null}},"57":{"start":{"line":138,"column":2},"end":{"line":138,"column":null}},"58":{"start":{"line":138,"column":33},"end":{"line":138,"column":null}},"59":{"start":{"line":140,"column":2},"end":{"line":143,"column":null}},"60":{"start":{"line":148,"column":12},"end":{"line":148,"column":30}},"61":{"start":{"line":149,"column":12},"end":{"line":149,"column":56}},"62":{"start":{"line":150,"column":12},"end":{"line":150,"column":51}},"63":{"start":{"line":151,"column":2},"end":{"line":151,"column":null}},"64":{"start":{"line":156,"column":20},"end":{"line":156,"column":44}},"65":{"start":{"line":157,"column":2},"end":{"line":157,"column":null}},"66":{"start":{"line":162,"column":23},"end":{"line":162,"column":25}},"67":{"start":{"line":163,"column":15},"end":{"line":163,"column":39}},"68":{"start":{"line":164,"column":2},"end":{"line":166,"column":null}},"69":{"start":{"line":165,"column":4},"end":{"line":165,"column":null}},"70":{"start":{"line":166,"column":4},"end":{"line":166,"column":null}},"71":{"start":{"line":168,"column":2},"end":{"line":168,"column":null}},"72":{"start":{"line":173,"column":2},"end":{"line":173,"column":null}},"73":{"start":{"line":177,"column":27},"end":{"line":180,"column":null}},"74":{"start":{"line":183,"column":29},"end":{"line":183,"column":null}},"75":{"start":{"line":187,"column":16},"end":{"line":187,"column":38}},"76":{"start":{"line":188,"column":14},"end":{"line":188,"column":34}},"77":{"start":{"line":189,"column":20},"end":{"line":189,"column":55}},"78":{"start":{"line":190,"column":19},"end":{"line":190,"column":60}},"79":{"start":{"line":192,"column":8},"end":{"line":193,"column":null}},"80":{"start":{"line":193,"column":4},"end":{"line":193,"column":null}},"81":{"start":{"line":195,"column":2},"end":{"line":196,"column":null}},"82":{"start":{"line":196,"column":4},"end":{"line":196,"column":null}},"83":{"start":{"line":198,"column":2},"end":{"line":199,"column":null}},"84":{"start":{"line":199,"column":4},"end":{"line":199,"column":null}},"85":{"start":{"line":201,"column":2},"end":{"line":202,"column":null}},"86":{"start":{"line":202,"column":4},"end":{"line":202,"column":null}},"87":{"start":{"line":204,"column":2},"end":{"line":204,"column":null}},"88":{"start":{"line":209,"column":12},"end":{"line":209,"column":29}},"89":{"start":{"line":210,"column":2},"end":{"line":210,"column":null}}},"fnMap":{"0":{"name":"ensureHolidayMap","decl":{"start":{"line":9,"column":9},"end":{"line":9,"column":26}},"loc":{"start":{"line":9,"column":81},"end":{"line":23,"column":null}},"line":9},"1":{"name":"isPublicHoliday","decl":{"start":{"line":27,"column":16},"end":{"line":27,"column":32}},"loc":{"start":{"line":27,"column":73},"end":{"line":29,"column":null}},"line":27},"2":{"name":"getHolidayName","decl":{"start":{"line":33,"column":16},"end":{"line":33,"column":31}},"loc":{"start":{"line":33,"column":78},"end":{"line":35,"column":null}},"line":33},"3":{"name":"isWorkDay","decl":{"start":{"line":39,"column":16},"end":{"line":39,"column":26}},"loc":{"start":{"line":39,"column":67},"end":{"line":42,"column":null}},"line":39},"4":{"name":"isSpecialHalfDay","decl":{"start":{"line":49,"column":16},"end":{"line":49,"column":33}},"loc":{"start":{"line":49,"column":54},"end":{"line":52,"column":null}},"line":49},"5":{"name":"hasOverlap","decl":{"start":{"line":60,"column":16},"end":{"line":60,"column":null}},"loc":{"start":{"line":65,"column":11},"end":{"line":72,"column":null}},"line":65},"6":{"name":"countWorkDays","decl":{"start":{"line":76,"column":16},"end":{"line":76,"column":30}},"loc":{"start":{"line":76,"column":82},"end":{"line":87,"column":null}},"line":76},"7":{"name":"countVacationWorkDays","decl":{"start":{"line":96,"column":16},"end":{"line":96,"column":38}},"loc":{"start":{"line":96,"column":133},"end":{"line":117,"column":null}},"line":96},"8":{"name":"countVacationWorkDaysInYear","decl":{"start":{"line":125,"column":16},"end":{"line":125,"column":null}},"loc":{"start":{"line":129,"column":10},"end":{"line":143,"column":null}},"line":129},"9":{"name":"toISODate","decl":{"start":{"line":147,"column":16},"end":{"line":147,"column":26}},"loc":{"start":{"line":147,"column":46},"end":{"line":151,"column":null}},"line":147},"10":{"name":"parseISODate","decl":{"start":{"line":155,"column":16},"end":{"line":155,"column":29}},"loc":{"start":{"line":155,"column":46},"end":{"line":157,"column":null}},"line":155},"11":{"name":"getDaysInMonth","decl":{"start":{"line":161,"column":16},"end":{"line":161,"column":31}},"loc":{"start":{"line":161,"column":68},"end":{"line":168,"column":null}},"line":161},"12":{"name":"getFirstDayOfMonth","decl":{"start":{"line":172,"column":16},"end":{"line":172,"column":35}},"loc":{"start":{"line":172,"column":72},"end":{"line":173,"column":null}},"line":172},"13":{"name":"formatDateRange","decl":{"start":{"line":186,"column":16},"end":{"line":186,"column":32}},"loc":{"start":{"line":186,"column":74},"end":{"line":204,"column":null}},"line":186},"14":{"name":"(anonymous_14)","decl":{"start":{"line":192,"column":8},"end":{"line":192,"column":15}},"loc":{"start":{"line":193,"column":4},"end":{"line":193,"column":null}},"line":193},"15":{"name":"formatDate","decl":{"start":{"line":208,"column":16},"end":{"line":208,"column":27}},"loc":{"start":{"line":208,"column":48},"end":{"line":210,"column":null}},"line":208}},"branchMap":{"0":{"loc":{"start":{"line":12,"column":2},"end":{"line":21,"column":null}},"type":"if","locations":[{"start":{"line":12,"column":2},"end":{"line":21,"column":null}},{"start":{},"end":{}}],"line":12},"1":{"loc":{"start":{"line":13,"column":4},"end":{"line":17,"column":null}},"type":"binary-expr","locations":[{"start":{"line":13,"column":4},"end":{"line":13,"column":null}},{"start":{"line":14,"column":4},"end":{"line":14,"column":null}},{"start":{"line":15,"column":4},"end":{"line":15,"column":null}},{"start":{"line":16,"column":4},"end":{"line":16,"column":null}},{"start":{"line":17,"column":4},"end":{"line":17,"column":null}}],"line":13},"2":{"loc":{"start":{"line":35,"column":9},"end":{"line":35,"column":null}},"type":"binary-expr","locations":[{"start":{"line":35,"column":9},"end":{"line":35,"column":33}},{"start":{"line":35,"column":37},"end":{"line":35,"column":null}}],"line":35},"3":{"loc":{"start":{"line":41,"column":2},"end":{"line":41,"column":null}},"type":"if","locations":[{"start":{"line":41,"column":2},"end":{"line":41,"column":null}},{"start":{},"end":{}}],"line":41},"4":{"loc":{"start":{"line":41,"column":6},"end":{"line":41,"column":30}},"type":"binary-expr","locations":[{"start":{"line":41,"column":6},"end":{"line":41,"column":19}},{"start":{"line":41,"column":19},"end":{"line":41,"column":30}}],"line":41},"5":{"loc":{"start":{"line":52,"column":9},"end":{"line":52,"column":null}},"type":"binary-expr","locations":[{"start":{"line":52,"column":9},"end":{"line":52,"column":26}},{"start":{"line":52,"column":26},"end":{"line":52,"column":40}},{"start":{"line":52,"column":40},"end":{"line":52,"column":null}}],"line":52},"6":{"loc":{"start":{"line":67,"column":4},"end":{"line":67,"column":null}},"type":"if","locations":[{"start":{"line":67,"column":4},"end":{"line":67,"column":null}},{"start":{},"end":{}}],"line":67},"7":{"loc":{"start":{"line":67,"column":8},"end":{"line":67,"column":41}},"type":"binary-expr","locations":[{"start":{"line":67,"column":8},"end":{"line":67,"column":21}},{"start":{"line":67,"column":21},"end":{"line":67,"column":41}}],"line":67},"8":{"loc":{"start":{"line":68,"column":4},"end":{"line":69,"column":null}},"type":"if","locations":[{"start":{"line":68,"column":4},"end":{"line":69,"column":null}},{"start":{},"end":{}}],"line":68},"9":{"loc":{"start":{"line":68,"column":8},"end":{"line":68,"column":56}},"type":"binary-expr","locations":[{"start":{"line":68,"column":8},"end":{"line":68,"column":33}},{"start":{"line":68,"column":33},"end":{"line":68,"column":56}}],"line":68},"10":{"loc":{"start":{"line":84,"column":4},"end":{"line":84,"column":null}},"type":"if","locations":[{"start":{"line":84,"column":4},"end":{"line":84,"column":null}},{"start":{},"end":{}}],"line":84},"11":{"loc":{"start":{"line":106,"column":4},"end":{"line":112,"column":null}},"type":"if","locations":[{"start":{"line":106,"column":4},"end":{"line":112,"column":null}},{"start":{},"end":{}}],"line":106},"12":{"loc":{"start":{"line":107,"column":6},"end":{"line":112,"column":null}},"type":"if","locations":[{"start":{"line":107,"column":6},"end":{"line":112,"column":null}},{"start":{"line":109,"column":17},"end":{"line":112,"column":null}}],"line":107},"13":{"loc":{"start":{"line":109,"column":17},"end":{"line":112,"column":null}},"type":"if","locations":[{"start":{"line":109,"column":17},"end":{"line":112,"column":null}},{"start":{"line":111,"column":13},"end":{"line":112,"column":null}}],"line":109},"14":{"loc":{"start":{"line":134,"column":23},"end":{"line":134,"column":null}},"type":"cond-expr","locations":[{"start":{"line":134,"column":54},"end":{"line":134,"column":73}},{"start":{"line":134,"column":73},"end":{"line":134,"column":null}}],"line":134},"15":{"loc":{"start":{"line":135,"column":21},"end":{"line":135,"column":null}},"type":"cond-expr","locations":[{"start":{"line":135,"column":48},"end":{"line":135,"column":65}},{"start":{"line":135,"column":65},"end":{"line":135,"column":null}}],"line":135},"16":{"loc":{"start":{"line":138,"column":2},"end":{"line":138,"column":null}},"type":"if","locations":[{"start":{"line":138,"column":2},"end":{"line":138,"column":null}},{"start":{},"end":{}}],"line":138},"17":{"loc":{"start":{"line":141,"column":61},"end":{"line":141,"column":116}},"type":"binary-expr","locations":[{"start":{"line":141,"column":61},"end":{"line":141,"column":79}},{"start":{"line":141,"column":79},"end":{"line":141,"column":116}}],"line":141},"18":{"loc":{"start":{"line":195,"column":2},"end":{"line":196,"column":null}},"type":"if","locations":[{"start":{"line":195,"column":2},"end":{"line":196,"column":null}},{"start":{},"end":{}}],"line":195},"19":{"loc":{"start":{"line":198,"column":2},"end":{"line":199,"column":null}},"type":"if","locations":[{"start":{"line":198,"column":2},"end":{"line":199,"column":null}},{"start":{},"end":{}}],"line":198},"20":{"loc":{"start":{"line":198,"column":6},"end":{"line":198,"column":29}},"type":"binary-expr","locations":[{"start":{"line":198,"column":6},"end":{"line":198,"column":19}},{"start":{"line":198,"column":19},"end":{"line":198,"column":29}}],"line":198},"21":{"loc":{"start":{"line":201,"column":2},"end":{"line":202,"column":null}},"type":"if","locations":[{"start":{"line":201,"column":2},"end":{"line":202,"column":null}},{"start":{},"end":{}}],"line":201}},"s":{"0":2,"1":2,"2":2,"3":589,"4":589,"5":589,"6":9,"7":9,"8":9,"9":589,"10":587,"11":587,"12":2,"13":2,"14":801,"15":801,"16":223,"17":578,"18":546,"19":546,"20":546,"21":13,"22":17,"23":2,"24":15,"25":7,"26":6,"27":5,"28":5,"29":5,"30":5,"31":5,"32":5,"33":21,"34":15,"35":21,"36":5,"37":18,"38":18,"39":18,"40":18,"41":18,"42":18,"43":18,"44":18,"45":776,"46":543,"47":4,"48":539,"49":10,"50":529,"51":776,"52":18,"53":10,"54":10,"55":10,"56":10,"57":10,"58":2,"59":8,"60":590,"61":590,"62":590,"63":590,"64":47,"65":47,"66":3,"67":3,"68":3,"69":88,"70":88,"71":3,"72":2,"73":2,"74":2,"75":4,"76":4,"77":4,"78":4,"79":4,"80":6,"81":4,"82":1,"83":3,"84":1,"85":2,"86":1,"87":1,"88":2,"89":2},"f":{"0":589,"1":587,"2":2,"3":801,"4":546,"5":13,"6":5,"7":18,"8":10,"9":590,"10":47,"11":3,"12":2,"13":4,"14":6,"15":2},"b":{"0":[9,580],"1":[589,588,588,586,583],"2":[2,1],"3":[223,578],"4":[801,690],"5":[546,60,53],"6":[2,15],"7":[17,4],"8":[7,8],"9":[15,12],"10":[15,6],"11":[543,233],"12":[4,539],"13":[10,529],"14":[6,4],"15":[4,6],"16":[2,8],"17":[8,2],"18":[1,3],"19":[1,2],"20":[3,1],"21":[1,1]},"meta":{"lastBranch":22,"lastFunction":16,"lastStatement":90,"seen":{"s:5:46:5:Infinity":0,"s:6:48:6:Infinity":1,"s:7:43:7:Infinity":2,"f:9:9:9:26":0,"s:10:15:10:Infinity":3,"s:11:13:11:Infinity":4,"b:12:2:21:Infinity:undefined:undefined:undefined:undefined":0,"s:12:2:21:Infinity":5,"b:13:4:13:Infinity:14:4:14:Infinity:15:4:15:Infinity:16:4:16:Infinity:17:4:17:Infinity":1,"s:19:4:19:Infinity":6,"s:20:4:20:Infinity":7,"s:21:4:21:Infinity":8,"s:23:2:23:Infinity":9,"f:27:16:27:32":1,"s:28:14:28:57":10,"s:29:2:29:Infinity":11,"f:33:16:33:31":2,"s:34:14:34:57":12,"s:35:2:35:Infinity":13,"b:35:9:35:33:35:37:35:Infinity":2,"f:39:16:39:26":3,"s:40:14:40:27":14,"b:41:2:41:Infinity:undefined:undefined:undefined:undefined":3,"s:41:2:41:Infinity":15,"b:41:6:41:19:41:19:41:30":4,"s:41:30:41:Infinity":16,"s:42:2:42:Infinity":17,"f:49:16:49:33":4,"s:50:16:50:31":18,"s:51:14:51:28":19,"s:52:2:52:Infinity":20,"b:52:9:52:26:52:26:52:40:52:40:52:Infinity":5,"f:60:16:60:Infinity":5,"s:66:2:69:Infinity":21,"b:67:4:67:Infinity:undefined:undefined:undefined:undefined":6,"s:67:4:67:Infinity":22,"b:67:8:67:21:67:21:67:41":7,"s:67:41:67:Infinity":23,"b:68:4:69:Infinity:undefined:undefined:undefined:undefined":8,"s:68:4:69:Infinity":24,"b:68:8:68:33:68:33:68:56":9,"s:69:6:69:Infinity":25,"s:72:2:72:Infinity":26,"f:76:16:76:30":6,"s:77:14:77:Infinity":27,"s:78:18:78:33":28,"s:79:2:79:Infinity":29,"s:80:18:80:31":30,"s:81:2:81:Infinity":31,"s:83:2:85:Infinity":32,"b:84:4:84:Infinity:undefined:undefined:undefined:undefined":10,"s:84:4:84:Infinity":33,"s:84:35:84:Infinity":34,"s:85:4:85:Infinity":35,"s:87:2:87:Infinity":36,"f:96:16:96:38":7,"s:97:16:97:46":37,"s:98:14:98:42":38,"s:99:14:99:Infinity":39,"s:100:18:100:33":40,"s:101:2:101:Infinity":41,"s:102:18:102:31":42,"s:103:2:103:Infinity":43,"s:105:2:115:Infinity":44,"b:106:4:112:Infinity:undefined:undefined:undefined:undefined":11,"s:106:4:112:Infinity":45,"b:107:6:112:Infinity:109:17:112:Infinity":12,"s:107:6:112:Infinity":46,"s:108:8:108:Infinity":47,"b:109:17:112:Infinity:111:13:112:Infinity":13,"s:109:17:112:Infinity":48,"s:110:8:110:Infinity":49,"s:112:8:112:Infinity":50,"s:115:4:115:Infinity":51,"s:117:2:117:Infinity":52,"f:125:16:125:Infinity":8,"s:130:20:130:Infinity":53,"s:131:18:131:Infinity":54,"s:134:23:134:Infinity":55,"b:134:54:134:73:134:73:134:Infinity":14,"s:135:21:135:Infinity":56,"b:135:48:135:65:135:65:135:Infinity":15,"b:138:2:138:Infinity:undefined:undefined:undefined:undefined":16,"s:138:2:138:Infinity":57,"s:138:33:138:Infinity":58,"s:140:2:143:Infinity":59,"b:141:61:141:79:141:79:141:116":17,"f:147:16:147:26":9,"s:148:12:148:30":60,"s:149:12:149:56":61,"s:150:12:150:51":62,"s:151:2:151:Infinity":63,"f:155:16:155:29":10,"s:156:20:156:44":64,"s:157:2:157:Infinity":65,"f:161:16:161:31":11,"s:162:23:162:25":66,"s:163:15:163:39":67,"s:164:2:166:Infinity":68,"s:165:4:165:Infinity":69,"s:166:4:166:Infinity":70,"s:168:2:168:Infinity":71,"f:172:16:172:35":12,"s:173:2:173:Infinity":72,"s:177:27:180:Infinity":73,"s:183:29:183:Infinity":74,"f:186:16:186:32":13,"s:187:16:187:38":75,"s:188:14:188:34":76,"s:189:20:189:55":77,"s:190:19:190:60":78,"s:192:8:193:Infinity":79,"f:192:8:192:15":14,"s:193:4:193:Infinity":80,"b:195:2:196:Infinity:undefined:undefined:undefined:undefined":18,"s:195:2:196:Infinity":81,"s:196:4:196:Infinity":82,"b:198:2:199:Infinity:undefined:undefined:undefined:undefined":19,"s:198:2:199:Infinity":83,"b:198:6:198:19:198:19:198:29":20,"s:199:4:199:Infinity":84,"b:201:2:202:Infinity:undefined:undefined:undefined:undefined":21,"s:201:2:202:Infinity":85,"s:202:4:202:Infinity":86,"s:204:2:204:Infinity":87,"f:208:16:208:27":15,"s:209:12:209:29":88,"s:210:2:210:Infinity":89}}}
,"/Users/h.neumann/Devel/my_holiday/src/utils/export.ts": {"path":"/Users/h.neumann/Devel/my_holiday/src/utils/export.ts","statementMap":{"0":{"start":{"line":5,"column":19},"end":{"line":5,"column":null}},"1":{"start":{"line":15,"column":14},"end":{"line":15,"column":null}},"2":{"start":{"line":16,"column":15},"end":{"line":16,"column":32}},"3":{"start":{"line":18,"column":2},"end":{"line":24,"column":null}},"4":{"start":{"line":19,"column":10},"end":{"line":19,"column":52}},"5":{"start":{"line":20,"column":25},"end":{"line":20,"column":63}},"6":{"start":{"line":21,"column":17},"end":{"line":21,"column":40}},"7":{"start":{"line":22,"column":4},"end":{"line":24,"column":null}},"8":{"start":{"line":27,"column":18},"end":{"line":27,"column":39}},"9":{"start":{"line":28,"column":15},"end":{"line":28,"column":70}},"10":{"start":{"line":29,"column":14},"end":{"line":29,"column":39}},"11":{"start":{"line":30,"column":12},"end":{"line":30,"column":39}},"12":{"start":{"line":31,"column":2},"end":{"line":31,"column":null}},"13":{"start":{"line":32,"column":14},"end":{"line":32,"column":24}},"14":{"start":{"line":33,"column":13},"end":{"line":33,"column":null}},"15":{"start":{"line":34,"column":2},"end":{"line":34,"column":null}},"16":{"start":{"line":35,"column":2},"end":{"line":35,"column":null}},"17":{"start":{"line":36,"column":2},"end":{"line":36,"column":null}},"18":{"start":{"line":37,"column":2},"end":{"line":37,"column":null}},"19":{"start":{"line":38,"column":2},"end":{"line":38,"column":null}},"20":{"start":{"line":43,"column":2},"end":{"line":44,"column":null}},"21":{"start":{"line":44,"column":4},"end":{"line":44,"column":null}},"22":{"start":{"line":46,"column":2},"end":{"line":46,"column":null}},"23":{"start":{"line":52,"column":15},"end":{"line":52,"column":48}},"24":{"start":{"line":53,"column":2},"end":{"line":53,"column":null}},"25":{"start":{"line":53,"column":13},"end":{"line":53,"column":null}},"26":{"start":{"line":55,"column":27},"end":{"line":55,"column":29}},"27":{"start":{"line":56,"column":29},"end":{"line":56,"column":31}},"28":{"start":{"line":57,"column":21},"end":{"line":57,"column":null}},"29":{"start":{"line":58,"column":17},"end":{"line":58,"column":null}},"30":{"start":{"line":60,"column":2},"end":{"line":88,"column":null}},"31":{"start":{"line":60,"column":15},"end":{"line":60,"column":18}},"32":{"start":{"line":61,"column":17},"end":{"line":61,"column":null}},"33":{"start":{"line":62,"column":17},"end":{"line":62,"column":null}},"34":{"start":{"line":64,"column":4},"end":{"line":88,"column":null}},"35":{"start":{"line":65,"column":6},"end":{"line":71,"column":null}},"36":{"start":{"line":66,"column":8},"end":{"line":66,"column":null}},"37":{"start":{"line":67,"column":8},"end":{"line":67,"column":null}},"38":{"start":{"line":68,"column":17},"end":{"line":71,"column":null}},"39":{"start":{"line":69,"column":8},"end":{"line":69,"column":null}},"40":{"start":{"line":71,"column":8},"end":{"line":71,"column":null}},"41":{"start":{"line":74,"column":6},"end":{"line":88,"column":null}},"42":{"start":{"line":75,"column":8},"end":{"line":75,"column":null}},"43":{"start":{"line":76,"column":17},"end":{"line":88,"column":null}},"44":{"start":{"line":77,"column":8},"end":{"line":77,"column":null}},"45":{"start":{"line":78,"column":8},"end":{"line":78,"column":null}},"46":{"start":{"line":79,"column":17},"end":{"line":88,"column":null}},"47":{"start":{"line":80,"column":8},"end":{"line":80,"column":null}},"48":{"start":{"line":81,"column":8},"end":{"line":82,"column":null}},"49":{"start":{"line":81,"column":35},"end":{"line":81,"column":44}},"50":{"start":{"line":82,"column":10},"end":{"line":82,"column":null}},"51":{"start":{"line":84,"column":8},"end":{"line":84,"column":null}},"52":{"start":{"line":85,"column":8},"end":{"line":85,"column":null}},"53":{"start":{"line":86,"column":8},"end":{"line":86,"column":null}},"54":{"start":{"line":86,"column":44},"end":{"line":86,"column":null}},"55":{"start":{"line":88,"column":8},"end":{"line":88,"column":null}},"56":{"start":{"line":94,"column":2},"end":{"line":97,"column":null}},"57":{"start":{"line":95,"column":4},"end":{"line":95,"column":null}},"58":{"start":{"line":96,"column":4},"end":{"line":97,"column":null}},"59":{"start":{"line":96,"column":31},"end":{"line":96,"column":40}},"60":{"start":{"line":97,"column":6},"end":{"line":97,"column":null}},"61":{"start":{"line":101,"column":2},"end":{"line":101,"column":null}},"62":{"start":{"line":115,"column":48},"end":{"line":115,"column":50}},"63":{"start":{"line":116,"column":27},"end":{"line":116,"column":29}},"64":{"start":{"line":118,"column":15},"end":{"line":118,"column":32}},"65":{"start":{"line":119,"column":2},"end":{"line":120,"column":null}},"66":{"start":{"line":120,"column":4},"end":{"line":120,"column":null}},"67":{"start":{"line":124,"column":18},"end":{"line":124,"column":null}},"68":{"start":{"line":125,"column":2},"end":{"line":129,"column":null}},"69":{"start":{"line":125,"column":15},"end":{"line":125,"column":18}},"70":{"start":{"line":126,"column":18},"end":{"line":126,"column":null}},"71":{"start":{"line":127,"column":4},"end":{"line":129,"column":null}},"72":{"start":{"line":128,"column":6},"end":{"line":128,"column":null}},"73":{"start":{"line":129,"column":6},"end":{"line":129,"column":null}},"74":{"start":{"line":133,"column":2},"end":{"line":137,"column":null}},"75":{"start":{"line":134,"column":4},"end":{"line":137,"column":null}},"76":{"start":{"line":140,"column":17},"end":{"line":140,"column":67}},"77":{"start":{"line":140,"column":44},"end":{"line":140,"column":66}},"78":{"start":{"line":141,"column":19},"end":{"line":141,"column":101}},"79":{"start":{"line":141,"column":43},"end":{"line":141,"column":101}},"80":{"start":{"line":142,"column":17},"end":{"line":142,"column":109}},"81":{"start":{"line":142,"column":41},"end":{"line":142,"column":109}},"82":{"start":{"line":143,"column":18},"end":{"line":143,"column":93}},"83":{"start":{"line":143,"column":42},"end":{"line":143,"column":93}},"84":{"start":{"line":144,"column":21},"end":{"line":144,"column":121}},"85":{"start":{"line":144,"column":45},"end":{"line":144,"column":121}},"86":{"start":{"line":146,"column":2},"end":{"line":150,"column":null}},"87":{"start":{"line":147,"column":4},"end":{"line":150,"column":null}},"88":{"start":{"line":153,"column":2},"end":{"line":191,"column":null}},"89":{"start":{"line":153,"column":15},"end":{"line":153,"column":30}},"90":{"start":{"line":154,"column":16},"end":{"line":154,"column":null}},"91":{"start":{"line":157,"column":4},"end":{"line":157,"column":null}},"92":{"start":{"line":157,"column":45},"end":{"line":157,"column":61}},"93":{"start":{"line":157,"column":63},"end":{"line":157,"column":null}},"94":{"start":{"line":159,"column":21},"end":{"line":159,"column":42}},"95":{"start":{"line":160,"column":19},"end":{"line":160,"column":38}},"96":{"start":{"line":162,"column":4},"end":{"line":164,"column":null}},"97":{"start":{"line":163,"column":6},"end":{"line":163,"column":null}},"98":{"start":{"line":164,"column":6},"end":{"line":164,"column":null}},"99":{"start":{"line":167,"column":22},"end":{"line":167,"column":41}},"100":{"start":{"line":168,"column":20},"end":{"line":168,"column":37}},"101":{"start":{"line":170,"column":4},"end":{"line":172,"column":null}},"102":{"start":{"line":171,"column":6},"end":{"line":171,"column":null}},"103":{"start":{"line":172,"column":6},"end":{"line":172,"column":null}},"104":{"start":{"line":174,"column":4},"end":{"line":176,"column":null}},"105":{"start":{"line":175,"column":6},"end":{"line":175,"column":null}},"106":{"start":{"line":176,"column":6},"end":{"line":176,"column":null}},"107":{"start":{"line":179,"column":17},"end":{"line":179,"column":null}},"108":{"start":{"line":180,"column":18},"end":{"line":180,"column":null}},"109":{"start":{"line":181,"column":4},"end":{"line":183,"column":null}},"110":{"start":{"line":182,"column":12},"end":{"line":182,"column":62}},"111":{"start":{"line":183,"column":6},"end":{"line":183,"column":null}},"112":{"start":{"line":186,"column":4},"end":{"line":191,"column":null}},"113":{"start":{"line":194,"column":2},"end":{"line":195,"column":null}},"114":{"start":{"line":195,"column":4},"end":{"line":195,"column":null}},"115":{"start":{"line":198,"column":2},"end":{"line":198,"column":null}},"116":{"start":{"line":203,"column":12},"end":{"line":203,"column":22}},"117":{"start":{"line":206,"column":19},"end":{"line":206,"column":55}},"118":{"start":{"line":207,"column":2},"end":{"line":212,"column":null}},"119":{"start":{"line":208,"column":14},"end":{"line":208,"column":33}},"120":{"start":{"line":209,"column":14},"end":{"line":209,"column":33}},"121":{"start":{"line":210,"column":14},"end":{"line":210,"column":33}},"122":{"start":{"line":211,"column":4},"end":{"line":212,"column":null}},"123":{"start":{"line":212,"column":6},"end":{"line":212,"column":null}},"124":{"start":{"line":217,"column":18},"end":{"line":217,"column":62}},"125":{"start":{"line":218,"column":2},"end":{"line":226,"column":null}},"126":{"start":{"line":219,"column":14},"end":{"line":219,"column":32}},"127":{"start":{"line":220,"column":14},"end":{"line":220,"column":32}},"128":{"start":{"line":221,"column":12},"end":{"line":221,"column":30}},"129":{"start":{"line":222,"column":4},"end":{"line":222,"column":null}},"130":{"start":{"line":222,"column":17},"end":{"line":222,"column":null}},"131":{"start":{"line":223,"column":15},"end":{"line":223,"column":41}},"132":{"start":{"line":224,"column":15},"end":{"line":224,"column":41}},"133":{"start":{"line":225,"column":4},"end":{"line":226,"column":null}},"134":{"start":{"line":226,"column":6},"end":{"line":226,"column":null}},"135":{"start":{"line":231,"column":18},"end":{"line":231,"column":62}},"136":{"start":{"line":232,"column":2},"end":{"line":240,"column":null}},"137":{"start":{"line":233,"column":14},"end":{"line":233,"column":32}},"138":{"start":{"line":234,"column":14},"end":{"line":234,"column":32}},"139":{"start":{"line":235,"column":12},"end":{"line":235,"column":30}},"140":{"start":{"line":236,"column":4},"end":{"line":236,"column":null}},"141":{"start":{"line":236,"column":17},"end":{"line":236,"column":null}},"142":{"start":{"line":237,"column":4},"end":{"line":240,"column":null}},"143":{"start":{"line":238,"column":17},"end":{"line":238,"column":51}},"144":{"start":{"line":239,"column":17},"end":{"line":239,"column":51}},"145":{"start":{"line":240,"column":6},"end":{"line":240,"column":null}},"146":{"start":{"line":244,"column":2},"end":{"line":244,"column":null}},"147":{"start":{"line":248,"column":2},"end":{"line":248,"column":null}},"148":{"start":{"line":248,"column":66},"end":{"line":248,"column":null}},"149":{"start":{"line":249,"column":15},"end":{"line":249,"column":36}},"150":{"start":{"line":250,"column":2},"end":{"line":250,"column":null}}},"fnMap":{"0":{"name":"downloadCSV","decl":{"start":{"line":8,"column":16},"end":{"line":8,"column":null}},"loc":{"start":{"line":14,"column":8},"end":{"line":38,"column":null}},"line":14},"1":{"name":"escapeCSV","decl":{"start":{"line":42,"column":16},"end":{"line":42,"column":26}},"loc":{"start":{"line":42,"column":49},"end":{"line":46,"column":null}},"line":42},"2":{"name":"parseCSVRows","decl":{"start":{"line":50,"column":9},"end":{"line":50,"column":22}},"loc":{"start":{"line":50,"column":47},"end":{"line":101,"column":null}},"line":50},"3":{"name":"(anonymous_3)","decl":{"start":{"line":81,"column":23},"end":{"line":81,"column":29}},"loc":{"start":{"line":81,"column":35},"end":{"line":81,"column":44}},"line":81},"4":{"name":"(anonymous_4)","decl":{"start":{"line":96,"column":19},"end":{"line":96,"column":25}},"loc":{"start":{"line":96,"column":31},"end":{"line":96,"column":40}},"line":96},"5":{"name":"parseImportCSV","decl":{"start":{"line":111,"column":16},"end":{"line":111,"column":null}},"loc":{"start":{"line":114,"column":16},"end":{"line":198,"column":null}},"line":114},"6":{"name":"(anonymous_6)","decl":{"start":{"line":140,"column":33},"end":{"line":140,"column":38}},"loc":{"start":{"line":140,"column":44},"end":{"line":140,"column":66}},"line":140},"7":{"name":"(anonymous_7)","decl":{"start":{"line":141,"column":26},"end":{"line":141,"column":37}},"loc":{"start":{"line":141,"column":43},"end":{"line":141,"column":101}},"line":141},"8":{"name":"(anonymous_8)","decl":{"start":{"line":142,"column":24},"end":{"line":142,"column":35}},"loc":{"start":{"line":142,"column":41},"end":{"line":142,"column":109}},"line":142},"9":{"name":"(anonymous_9)","decl":{"start":{"line":143,"column":25},"end":{"line":143,"column":36}},"loc":{"start":{"line":143,"column":42},"end":{"line":143,"column":93}},"line":143},"10":{"name":"(anonymous_10)","decl":{"start":{"line":144,"column":28},"end":{"line":144,"column":39}},"loc":{"start":{"line":144,"column":45},"end":{"line":144,"column":121}},"line":144},"11":{"name":"(anonymous_11)","decl":{"start":{"line":157,"column":32},"end":{"line":157,"column":39}},"loc":{"start":{"line":157,"column":45},"end":{"line":157,"column":61}},"line":157},"12":{"name":"parseDate","decl":{"start":{"line":202,"column":9},"end":{"line":202,"column":19}},"loc":{"start":{"line":202,"column":47},"end":{"line":244,"column":null}},"line":202},"13":{"name":"isValidDate","decl":{"start":{"line":247,"column":9},"end":{"line":247,"column":21}},"loc":{"start":{"line":247,"column":63},"end":{"line":250,"column":null}},"line":247}},"branchMap":{"0":{"loc":{"start":{"line":20,"column":25},"end":{"line":20,"column":63}},"type":"cond-expr","locations":[{"start":{"line":20,"column":37},"end":{"line":20,"column":49}},{"start":{"line":20,"column":52},"end":{"line":20,"column":63}}],"line":20},"1":{"loc":{"start":{"line":21,"column":27},"end":{"line":21,"column":40}},"type":"binary-expr","locations":[{"start":{"line":21,"column":27},"end":{"line":21,"column":37}},{"start":{"line":21,"column":37},"end":{"line":21,"column":40}}],"line":21},"2":{"loc":{"start":{"line":43,"column":2},"end":{"line":44,"column":null}},"type":"if","locations":[{"start":{"line":43,"column":2},"end":{"line":44,"column":null}},{"start":{},"end":{}}],"line":43},"3":{"loc":{"start":{"line":43,"column":6},"end":{"line":43,"column":72}},"type":"binary-expr","locations":[{"start":{"line":43,"column":6},"end":{"line":43,"column":25}},{"start":{"line":43,"column":29},"end":{"line":43,"column":48}},{"start":{"line":43,"column":52},"end":{"line":43,"column":72}}],"line":43},"4":{"loc":{"start":{"line":53,"column":2},"end":{"line":53,"column":null}},"type":"if","locations":[{"start":{"line":53,"column":2},"end":{"line":53,"column":null}},{"start":{},"end":{}}],"line":53},"5":{"loc":{"start":{"line":64,"column":4},"end":{"line":88,"column":null}},"type":"if","locations":[{"start":{"line":64,"column":4},"end":{"line":88,"column":null}},{"start":{"line":73,"column":11},"end":{"line":88,"column":null}}],"line":64},"6":{"loc":{"start":{"line":65,"column":6},"end":{"line":71,"column":null}},"type":"if","locations":[{"start":{"line":65,"column":6},"end":{"line":71,"column":null}},{"start":{"line":68,"column":17},"end":{"line":71,"column":null}}],"line":65},"7":{"loc":{"start":{"line":65,"column":10},"end":{"line":65,"column":40}},"type":"binary-expr","locations":[{"start":{"line":65,"column":10},"end":{"line":65,"column":26}},{"start":{"line":65,"column":26},"end":{"line":65,"column":40}}],"line":65},"8":{"loc":{"start":{"line":68,"column":17},"end":{"line":71,"column":null}},"type":"if","locations":[{"start":{"line":68,"column":17},"end":{"line":71,"column":null}},{"start":{"line":70,"column":13},"end":{"line":71,"column":null}}],"line":68},"9":{"loc":{"start":{"line":74,"column":6},"end":{"line":88,"column":null}},"type":"if","locations":[{"start":{"line":74,"column":6},"end":{"line":88,"column":null}},{"start":{"line":76,"column":17},"end":{"line":88,"column":null}}],"line":74},"10":{"loc":{"start":{"line":76,"column":17},"end":{"line":88,"column":null}},"type":"if","locations":[{"start":{"line":76,"column":17},"end":{"line":88,"column":null}},{"start":{"line":79,"column":17},"end":{"line":88,"column":null}}],"line":76},"11":{"loc":{"start":{"line":79,"column":17},"end":{"line":88,"column":null}},"type":"if","locations":[{"start":{"line":79,"column":17},"end":{"line":88,"column":null}},{"start":{"line":87,"column":13},"end":{"line":88,"column":null}}],"line":79},"12":{"loc":{"start":{"line":79,"column":17},"end":{"line":79,"column":49}},"type":"binary-expr","locations":[{"start":{"line":79,"column":17},"end":{"line":79,"column":34}},{"start":{"line":79,"column":34},"end":{"line":79,"column":49}}],"line":79},"13":{"loc":{"start":{"line":81,"column":8},"end":{"line":82,"column":null}},"type":"if","locations":[{"start":{"line":81,"column":8},"end":{"line":82,"column":null}},{"start":{},"end":{}}],"line":81},"14":{"loc":{"start":{"line":86,"column":8},"end":{"line":86,"column":null}},"type":"if","locations":[{"start":{"line":86,"column":8},"end":{"line":86,"column":null}},{"start":{},"end":{}}],"line":86},"15":{"loc":{"start":{"line":86,"column":12},"end":{"line":86,"column":44}},"type":"binary-expr","locations":[{"start":{"line":86,"column":12},"end":{"line":86,"column":29}},{"start":{"line":86,"column":29},"end":{"line":86,"column":44}}],"line":86},"16":{"loc":{"start":{"line":94,"column":2},"end":{"line":97,"column":null}},"type":"if","locations":[{"start":{"line":94,"column":2},"end":{"line":97,"column":null}},{"start":{},"end":{}}],"line":94},"17":{"loc":{"start":{"line":94,"column":6},"end":{"line":94,"column":56}},"type":"binary-expr","locations":[{"start":{"line":94,"column":6},"end":{"line":94,"column":33}},{"start":{"line":94,"column":33},"end":{"line":94,"column":56}}],"line":94},"18":{"loc":{"start":{"line":96,"column":4},"end":{"line":97,"column":null}},"type":"if","locations":[{"start":{"line":96,"column":4},"end":{"line":97,"column":null}},{"start":{},"end":{}}],"line":96},"19":{"loc":{"start":{"line":119,"column":2},"end":{"line":120,"column":null}},"type":"if","locations":[{"start":{"line":119,"column":2},"end":{"line":120,"column":null}},{"start":{},"end":{}}],"line":119},"20":{"loc":{"start":{"line":126,"column":18},"end":{"line":126,"column":null}},"type":"binary-expr","locations":[{"start":{"line":126,"column":18},"end":{"line":126,"column":50}},{"start":{"line":126,"column":54},"end":{"line":126,"column":null}}],"line":126},"21":{"loc":{"start":{"line":127,"column":4},"end":{"line":129,"column":null}},"type":"if","locations":[{"start":{"line":127,"column":4},"end":{"line":129,"column":null}},{"start":{},"end":{}}],"line":127},"22":{"loc":{"start":{"line":127,"column":8},"end":{"line":127,"column":79}},"type":"binary-expr","locations":[{"start":{"line":127,"column":8},"end":{"line":127,"column":34}},{"start":{"line":127,"column":34},"end":{"line":127,"column":60}},{"start":{"line":127,"column":60},"end":{"line":127,"column":79}}],"line":127},"23":{"loc":{"start":{"line":133,"column":2},"end":{"line":137,"column":null}},"type":"if","locations":[{"start":{"line":133,"column":2},"end":{"line":137,"column":null}},{"start":{},"end":{}}],"line":133},"24":{"loc":{"start":{"line":141,"column":43},"end":{"line":141,"column":101}},"type":"binary-expr","locations":[{"start":{"line":141,"column":43},"end":{"line":141,"column":65}},{"start":{"line":141,"column":65},"end":{"line":141,"column":87}},{"start":{"line":141,"column":87},"end":{"line":141,"column":101}}],"line":141},"25":{"loc":{"start":{"line":142,"column":41},"end":{"line":142,"column":109}},"type":"binary-expr","locations":[{"start":{"line":142,"column":41},"end":{"line":142,"column":61}},{"start":{"line":142,"column":61},"end":{"line":142,"column":81}},{"start":{"line":142,"column":81},"end":{"line":142,"column":97}},{"start":{"line":142,"column":97},"end":{"line":142,"column":109}}],"line":142},"26":{"loc":{"start":{"line":143,"column":42},"end":{"line":143,"column":93}},"type":"binary-expr","locations":[{"start":{"line":143,"column":42},"end":{"line":143,"column":59}},{"start":{"line":143,"column":59},"end":{"line":143,"column":75}},{"start":{"line":143,"column":75},"end":{"line":143,"column":93}}],"line":143},"27":{"loc":{"start":{"line":144,"column":45},"end":{"line":144,"column":121}},"type":"binary-expr","locations":[{"start":{"line":144,"column":45},"end":{"line":144,"column":67}},{"start":{"line":144,"column":67},"end":{"line":144,"column":86}},{"start":{"line":144,"column":86},"end":{"line":144,"column":106}},{"start":{"line":144,"column":106},"end":{"line":144,"column":121}}],"line":144},"28":{"loc":{"start":{"line":146,"column":2},"end":{"line":150,"column":null}},"type":"if","locations":[{"start":{"line":146,"column":2},"end":{"line":150,"column":null}},{"start":{},"end":{}}],"line":146},"29":{"loc":{"start":{"line":146,"column":6},"end":{"line":146,"column":40}},"type":"binary-expr","locations":[{"start":{"line":146,"column":6},"end":{"line":146,"column":25}},{"start":{"line":146,"column":25},"end":{"line":146,"column":40}}],"line":146},"30":{"loc":{"start":{"line":157,"column":4},"end":{"line":157,"column":null}},"type":"if","locations":[{"start":{"line":157,"column":4},"end":{"line":157,"column":null}},{"start":{},"end":{}}],"line":157},"31":{"loc":{"start":{"line":157,"column":8},"end":{"line":157,"column":61}},"type":"binary-expr","locations":[{"start":{"line":157,"column":8},"end":{"line":157,"column":28}},{"start":{"line":157,"column":28},"end":{"line":157,"column":61}}],"line":157},"32":{"loc":{"start":{"line":162,"column":4},"end":{"line":164,"column":null}},"type":"if","locations":[{"start":{"line":162,"column":4},"end":{"line":164,"column":null}},{"start":{},"end":{}}],"line":162},"33":{"loc":{"start":{"line":162,"column":8},"end":{"line":162,"column":30}},"type":"binary-expr","locations":[{"start":{"line":162,"column":8},"end":{"line":162,"column":21}},{"start":{"line":162,"column":21},"end":{"line":162,"column":30}}],"line":162},"34":{"loc":{"start":{"line":170,"column":4},"end":{"line":172,"column":null}},"type":"if","locations":[{"start":{"line":170,"column":4},"end":{"line":172,"column":null}},{"start":{},"end":{}}],"line":170},"35":{"loc":{"start":{"line":174,"column":4},"end":{"line":176,"column":null}},"type":"if","locations":[{"start":{"line":174,"column":4},"end":{"line":176,"column":null}},{"start":{},"end":{}}],"line":174},"36":{"loc":{"start":{"line":179,"column":17},"end":{"line":179,"column":null}},"type":"cond-expr","locations":[{"start":{"line":179,"column":28},"end":{"line":179,"column":59}},{"start":{"line":179,"column":62},"end":{"line":179,"column":null}}],"line":179},"37":{"loc":{"start":{"line":179,"column":33},"end":{"line":179,"column":53}},"type":"binary-expr","locations":[{"start":{"line":179,"column":33},"end":{"line":179,"column":49}},{"start":{"line":179,"column":49},"end":{"line":179,"column":53}}],"line":179},"38":{"loc":{"start":{"line":181,"column":4},"end":{"line":183,"column":null}},"type":"if","locations":[{"start":{"line":181,"column":4},"end":{"line":183,"column":null}},{"start":{},"end":{}}],"line":181},"39":{"loc":{"start":{"line":182,"column":19},"end":{"line":182,"column":42}},"type":"binary-expr","locations":[{"start":{"line":182,"column":19},"end":{"line":182,"column":38}},{"start":{"line":182,"column":38},"end":{"line":182,"column":42}}],"line":182},"40":{"loc":{"start":{"line":183,"column":16},"end":{"line":183,"column":null}},"type":"binary-expr","locations":[{"start":{"line":183,"column":16},"end":{"line":183,"column":32}},{"start":{"line":183,"column":32},"end":{"line":183,"column":49}},{"start":{"line":183,"column":49},"end":{"line":183,"column":64}},{"start":{"line":183,"column":64},"end":{"line":183,"column":79}},{"start":{"line":183,"column":79},"end":{"line":183,"column":97}},{"start":{"line":183,"column":97},"end":{"line":183,"column":null}}],"line":183},"41":{"loc":{"start":{"line":194,"column":2},"end":{"line":195,"column":null}},"type":"if","locations":[{"start":{"line":194,"column":2},"end":{"line":195,"column":null}},{"start":{},"end":{}}],"line":194},"42":{"loc":{"start":{"line":194,"column":6},"end":{"line":194,"column":51}},"type":"binary-expr","locations":[{"start":{"line":194,"column":6},"end":{"line":194,"column":30}},{"start":{"line":194,"column":30},"end":{"line":194,"column":51}}],"line":194},"43":{"loc":{"start":{"line":207,"column":2},"end":{"line":212,"column":null}},"type":"if","locations":[{"start":{"line":207,"column":2},"end":{"line":212,"column":null}},{"start":{},"end":{}}],"line":207},"44":{"loc":{"start":{"line":211,"column":4},"end":{"line":212,"column":null}},"type":"if","locations":[{"start":{"line":211,"column":4},"end":{"line":212,"column":null}},{"start":{},"end":{}}],"line":211},"45":{"loc":{"start":{"line":218,"column":2},"end":{"line":226,"column":null}},"type":"if","locations":[{"start":{"line":218,"column":2},"end":{"line":226,"column":null}},{"start":{},"end":{}}],"line":218},"46":{"loc":{"start":{"line":222,"column":4},"end":{"line":222,"column":null}},"type":"if","locations":[{"start":{"line":222,"column":4},"end":{"line":222,"column":null}},{"start":{},"end":{}}],"line":222},"47":{"loc":{"start":{"line":225,"column":4},"end":{"line":226,"column":null}},"type":"if","locations":[{"start":{"line":225,"column":4},"end":{"line":226,"column":null}},{"start":{},"end":{}}],"line":225},"48":{"loc":{"start":{"line":232,"column":2},"end":{"line":240,"column":null}},"type":"if","locations":[{"start":{"line":232,"column":2},"end":{"line":240,"column":null}},{"start":{},"end":{}}],"line":232},"49":{"loc":{"start":{"line":236,"column":4},"end":{"line":236,"column":null}},"type":"if","locations":[{"start":{"line":236,"column":4},"end":{"line":236,"column":null}},{"start":{},"end":{}}],"line":236},"50":{"loc":{"start":{"line":237,"column":4},"end":{"line":240,"column":null}},"type":"if","locations":[{"start":{"line":237,"column":4},"end":{"line":240,"column":null}},{"start":{},"end":{}}],"line":237},"51":{"loc":{"start":{"line":248,"column":2},"end":{"line":248,"column":null}},"type":"if","locations":[{"start":{"line":248,"column":2},"end":{"line":248,"column":null}},{"start":{},"end":{}}],"line":248},"52":{"loc":{"start":{"line":248,"column":6},"end":{"line":248,"column":66}},"type":"binary-expr","locations":[{"start":{"line":248,"column":6},"end":{"line":248,"column":18}},{"start":{"line":248,"column":18},"end":{"line":248,"column":30}},{"start":{"line":248,"column":30},"end":{"line":248,"column":39}},{"start":{"line":248,"column":39},"end":{"line":248,"column":49}},{"start":{"line":248,"column":49},"end":{"line":248,"column":58}},{"start":{"line":248,"column":58},"end":{"line":248,"column":66}}],"line":248},"53":{"loc":{"start":{"line":250,"column":9},"end":{"line":250,"column":null}},"type":"binary-expr","locations":[{"start":{"line":250,"column":9},"end":{"line":250,"column":37}},{"start":{"line":250,"column":37},"end":{"line":250,"column":66}},{"start":{"line":250,"column":66},"end":{"line":250,"column":null}}],"line":250}},"s":{"0":1,"1":0,"2":0,"3":0,"4":0,"5":0,"6":0,"7":0,"8":0,"9":0,"10":0,"11":0,"12":0,"13":0,"14":0,"15":0,"16":0,"17":0,"18":0,"19":0,"20":4,"21":3,"22":1,"23":22,"24":22,"25":1,"26":21,"27":21,"28":21,"29":21,"30":21,"31":21,"32":1078,"33":1078,"34":1078,"35":41,"36":2,"37":2,"38":39,"39":2,"40":37,"41":1037,"42":2,"43":1035,"44":71,"45":71,"46":964,"47":29,"48":29,"49":31,"50":25,"51":29,"52":29,"53":29,"54":0,"55":935,"56":1078,"57":21,"58":21,"59":22,"60":20,"61":21,"62":22,"63":22,"64":22,"65":22,"66":1,"67":21,"68":21,"69":21,"70":22,"71":22,"72":20,"73":20,"74":21,"75":1,"76":20,"77":52,"78":20,"79":20,"80":20,"81":40,"82":20,"83":50,"84":20,"85":51,"86":20,"87":1,"88":19,"89":19,"90":22,"91":22,"92":23,"93":0,"94":22,"95":22,"96":22,"97":2,"98":2,"99":20,"100":20,"101":20,"102":1,"103":1,"104":19,"105":1,"106":1,"107":18,"108":22,"109":22,"110":6,"111":6,"112":18,"113":22,"114":1,"115":19,"116":40,"117":40,"118":40,"119":32,"120":32,"121":32,"122":32,"123":32,"124":8,"125":8,"126":4,"127":4,"128":4,"129":4,"130":2,"131":4,"132":4,"133":4,"134":4,"135":4,"136":4,"137":2,"138":2,"139":2,"140":2,"141":0,"142":2,"143":2,"144":2,"145":2,"146":2,"147":38,"148":0,"149":38,"150":38},"f":{"0":0,"1":4,"2":22,"3":31,"4":22,"5":22,"6":52,"7":20,"8":40,"9":50,"10":51,"11":23,"12":40,"13":38},"b":{"0":[0,0],"1":[0,0],"2":[3,1],"3":[4,3,2],"4":[1,21],"5":[41,1037],"6":[2,39],"7":[41,4],"8":[2,37],"9":[2,1035],"10":[71,964],"11":[29,935],"12":[964,935],"13":[25,4],"14":[0,29],"15":[29,0],"16":[21,1057],"17":[1078,2],"18":[20,1],"19":[1,21],"20":[22,0],"21":[20,2],"22":[22,3,3],"23":[1,20],"24":[20,1,1],"25":[40,22,22,21],"26":[50,46,46],"27":[51,47,46,45],"28":[1,19],"29":[20,20],"30":[0,22],"31":[22,22],"32":[2,20],"33":[22,21],"34":[1,19],"35":[1,18],"36":[4,14],"37":[4,0],"38":[6,16],"39":[6,0],"40":[6,4,3,3,2,2],"41":[1,21],"42":[22,3],"43":[32,8],"44":[32,0],"45":[4,4],"46":[2,2],"47":[4,0],"48":[2,2],"49":[0,2],"50":[2,0],"51":[0,38],"52":[38,38,38,38,38,38],"53":[38,38,38]},"meta":{"lastBranch":54,"lastFunction":14,"lastStatement":151,"seen":{"s:5:19:5:Infinity":0,"f:8:16:8:Infinity":0,"s:15:14:15:Infinity":1,"s:16:15:16:32":2,"s:18:2:24:Infinity":3,"s:19:10:19:52":4,"s:20:25:20:63":5,"b:20:37:20:49:20:52:20:63":0,"s:21:17:21:40":6,"b:21:27:21:37:21:37:21:40":1,"s:22:4:24:Infinity":7,"s:27:18:27:39":8,"s:28:15:28:70":9,"s:29:14:29:39":10,"s:30:12:30:39":11,"s:31:2:31:Infinity":12,"s:32:14:32:24":13,"s:33:13:33:Infinity":14,"s:34:2:34:Infinity":15,"s:35:2:35:Infinity":16,"s:36:2:36:Infinity":17,"s:37:2:37:Infinity":18,"s:38:2:38:Infinity":19,"f:42:16:42:26":1,"b:43:2:44:Infinity:undefined:undefined:undefined:undefined":2,"s:43:2:44:Infinity":20,"b:43:6:43:25:43:29:43:48:43:52:43:72":3,"s:44:4:44:Infinity":21,"s:46:2:46:Infinity":22,"f:50:9:50:22":2,"s:52:15:52:48":23,"b:53:2:53:Infinity:undefined:undefined:undefined:undefined":4,"s:53:2:53:Infinity":24,"s:53:13:53:Infinity":25,"s:55:27:55:29":26,"s:56:29:56:31":27,"s:57:21:57:Infinity":28,"s:58:17:58:Infinity":29,"s:60:2:88:Infinity":30,"s:60:15:60:18":31,"s:61:17:61:Infinity":32,"s:62:17:62:Infinity":33,"b:64:4:88:Infinity:73:11:88:Infinity":5,"s:64:4:88:Infinity":34,"b:65:6:71:Infinity:68:17:71:Infinity":6,"s:65:6:71:Infinity":35,"b:65:10:65:26:65:26:65:40":7,"s:66:8:66:Infinity":36,"s:67:8:67:Infinity":37,"b:68:17:71:Infinity:70:13:71:Infinity":8,"s:68:17:71:Infinity":38,"s:69:8:69:Infinity":39,"s:71:8:71:Infinity":40,"b:74:6:88:Infinity:76:17:88:Infinity":9,"s:74:6:88:Infinity":41,"s:75:8:75:Infinity":42,"b:76:17:88:Infinity:79:17:88:Infinity":10,"s:76:17:88:Infinity":43,"s:77:8:77:Infinity":44,"s:78:8:78:Infinity":45,"b:79:17:88:Infinity:87:13:88:Infinity":11,"s:79:17:88:Infinity":46,"b:79:17:79:34:79:34:79:49":12,"s:80:8:80:Infinity":47,"b:81:8:82:Infinity:undefined:undefined:undefined:undefined":13,"s:81:8:82:Infinity":48,"f:81:23:81:29":3,"s:81:35:81:44":49,"s:82:10:82:Infinity":50,"s:84:8:84:Infinity":51,"s:85:8:85:Infinity":52,"b:86:8:86:Infinity:undefined:undefined:undefined:undefined":14,"s:86:8:86:Infinity":53,"b:86:12:86:29:86:29:86:44":15,"s:86:44:86:Infinity":54,"s:88:8:88:Infinity":55,"b:94:2:97:Infinity:undefined:undefined:undefined:undefined":16,"s:94:2:97:Infinity":56,"b:94:6:94:33:94:33:94:56":17,"s:95:4:95:Infinity":57,"b:96:4:97:Infinity:undefined:undefined:undefined:undefined":18,"s:96:4:97:Infinity":58,"f:96:19:96:25":4,"s:96:31:96:40":59,"s:97:6:97:Infinity":60,"s:101:2:101:Infinity":61,"f:111:16:111:Infinity":5,"s:115:48:115:50":62,"s:116:27:116:29":63,"s:118:15:118:32":64,"b:119:2:120:Infinity:undefined:undefined:undefined:undefined":19,"s:119:2:120:Infinity":65,"s:120:4:120:Infinity":66,"s:124:18:124:Infinity":67,"s:125:2:129:Infinity":68,"s:125:15:125:18":69,"s:126:18:126:Infinity":70,"b:126:18:126:50:126:54:126:Infinity":20,"b:127:4:129:Infinity:undefined:undefined:undefined:undefined":21,"s:127:4:129:Infinity":71,"b:127:8:127:34:127:34:127:60:127:60:127:79":22,"s:128:6:128:Infinity":72,"s:129:6:129:Infinity":73,"b:133:2:137:Infinity:undefined:undefined:undefined:undefined":23,"s:133:2:137:Infinity":74,"s:134:4:137:Infinity":75,"s:140:17:140:67":76,"f:140:33:140:38":6,"s:140:44:140:66":77,"s:141:19:141:101":78,"f:141:26:141:37":7,"s:141:43:141:101":79,"b:141:43:141:65:141:65:141:87:141:87:141:101":24,"s:142:17:142:109":80,"f:142:24:142:35":8,"s:142:41:142:109":81,"b:142:41:142:61:142:61:142:81:142:81:142:97:142:97:142:109":25,"s:143:18:143:93":82,"f:143:25:143:36":9,"s:143:42:143:93":83,"b:143:42:143:59:143:59:143:75:143:75:143:93":26,"s:144:21:144:121":84,"f:144:28:144:39":10,"s:144:45:144:121":85,"b:144:45:144:67:144:67:144:86:144:86:144:106:144:106:144:121":27,"b:146:2:150:Infinity:undefined:undefined:undefined:undefined":28,"s:146:2:150:Infinity":86,"b:146:6:146:25:146:25:146:40":29,"s:147:4:150:Infinity":87,"s:153:2:191:Infinity":88,"s:153:15:153:30":89,"s:154:16:154:Infinity":90,"b:157:4:157:Infinity:undefined:undefined:undefined:undefined":30,"s:157:4:157:Infinity":91,"b:157:8:157:28:157:28:157:61":31,"f:157:32:157:39":11,"s:157:45:157:61":92,"s:157:63:157:Infinity":93,"s:159:21:159:42":94,"s:160:19:160:38":95,"b:162:4:164:Infinity:undefined:undefined:undefined:undefined":32,"s:162:4:164:Infinity":96,"b:162:8:162:21:162:21:162:30":33,"s:163:6:163:Infinity":97,"s:164:6:164:Infinity":98,"s:167:22:167:41":99,"s:168:20:168:37":100,"b:170:4:172:Infinity:undefined:undefined:undefined:undefined":34,"s:170:4:172:Infinity":101,"s:171:6:171:Infinity":102,"s:172:6:172:Infinity":103,"b:174:4:176:Infinity:undefined:undefined:undefined:undefined":35,"s:174:4:176:Infinity":104,"s:175:6:175:Infinity":105,"s:176:6:176:Infinity":106,"s:179:17:179:Infinity":107,"b:179:28:179:59:179:62:179:Infinity":36,"b:179:33:179:49:179:49:179:53":37,"s:180:18:180:Infinity":108,"b:181:4:183:Infinity:undefined:undefined:undefined:undefined":38,"s:181:4:183:Infinity":109,"s:182:12:182:62":110,"b:182:19:182:38:182:38:182:42":39,"s:183:6:183:Infinity":111,"b:183:16:183:32:183:32:183:49:183:49:183:64:183:64:183:79:183:79:183:97:183:97:183:Infinity":40,"s:186:4:191:Infinity":112,"b:194:2:195:Infinity:undefined:undefined:undefined:undefined":41,"s:194:2:195:Infinity":113,"b:194:6:194:30:194:30:194:51":42,"s:195:4:195:Infinity":114,"s:198:2:198:Infinity":115,"f:202:9:202:19":12,"s:203:12:203:22":116,"s:206:19:206:55":117,"b:207:2:212:Infinity:undefined:undefined:undefined:undefined":43,"s:207:2:212:Infinity":118,"s:208:14:208:33":119,"s:209:14:209:33":120,"s:210:14:210:33":121,"b:211:4:212:Infinity:undefined:undefined:undefined:undefined":44,"s:211:4:212:Infinity":122,"s:212:6:212:Infinity":123,"s:217:18:217:62":124,"b:218:2:226:Infinity:undefined:undefined:undefined:undefined":45,"s:218:2:226:Infinity":125,"s:219:14:219:32":126,"s:220:14:220:32":127,"s:221:12:221:30":128,"b:222:4:222:Infinity:undefined:undefined:undefined:undefined":46,"s:222:4:222:Infinity":129,"s:222:17:222:Infinity":130,"s:223:15:223:41":131,"s:224:15:224:41":132,"b:225:4:226:Infinity:undefined:undefined:undefined:undefined":47,"s:225:4:226:Infinity":133,"s:226:6:226:Infinity":134,"s:231:18:231:62":135,"b:232:2:240:Infinity:undefined:undefined:undefined:undefined":48,"s:232:2:240:Infinity":136,"s:233:14:233:32":137,"s:234:14:234:32":138,"s:235:12:235:30":139,"b:236:4:236:Infinity:undefined:undefined:undefined:undefined":49,"s:236:4:236:Infinity":140,"s:236:17:236:Infinity":141,"b:237:4:240:Infinity:undefined:undefined:undefined:undefined":50,"s:237:4:240:Infinity":142,"s:238:17:238:51":143,"s:239:17:239:51":144,"s:240:6:240:Infinity":145,"s:244:2:244:Infinity":146,"f:247:9:247:21":13,"b:248:2:248:Infinity:undefined:undefined:undefined:undefined":51,"s:248:2:248:Infinity":147,"b:248:6:248:18:248:18:248:30:248:30:248:39:248:39:248:49:248:49:248:58:248:58:248:66":52,"s:248:66:248:Infinity":148,"s:249:15:249:36":149,"s:250:2:250:Infinity":150,"b:250:9:250:37:250:37:250:66:250:66:250:Infinity":53}}}
}
